<?xml version="1.0" encoding="UTF-8"?>
<!-- Generated by org.testng.reporters.JUnitReportReporter -->
<testsuite hostname="KEERTHIK" failures="0" tests="4" name="TestNg.enabled" time="0.044" errors="0" timestamp="2023-10-18T20:31:13 IST" skipped="1">
  <testcase classname="TestNg.enabled" name="test" time="0.028">
    <system-out>
      <![CDATA[keeertttttttttthiiiiiiiiiiiiiikkkkkkkkkk]]>
    </system-out>
  </testcase> <!-- test -->
  <testcase classname="TestNg.enabled" name="cat" time="0.005">
    <system-out>
      <![CDATA[bvcccccc]]>
    </system-out>
  </testcase> <!-- cat -->
  <testcase classname="TestNg.enabled" name="dog" time="0.011">
    <system-out>
      <![CDATA[nayiiiiiiiii]]>
    </system-out>
  </testcase> <!-- dog -->
  <testcase classname="TestNg.enabled" name="test1">
    <skipped/>
  </testcase> <!-- test1 -->
  <system-out>
    <![CDATA[keeertttttttttthiiiiiiiiiiiiiikkkkkkkkkk
bvcccccc
nayiiiiiiiii]]>
  </system-out>
</testsuite> <!-- TestNg.enabled -->
