<?xml version="1.0" encoding="UTF-8"?>
<!-- Generated by org.testng.reporters.JUnitReportReporter -->
<testsuite hostname="KEERTHIK" failures="0" tests="8" name="TestNg.invocationcount" time="0.046" errors="0" timestamp="2023-10-18T20:30:02 IST" skipped="0">
  <testcase classname="TestNg.invocationcount" name="test" time="0.005">
    <system-out>
      <![CDATA[keeertttttttttthiiiiiiiiiiiiiikkkkkkkkkk]]>
    </system-out>
  </testcase> <!-- test -->
  <testcase classname="TestNg.invocationcount" name="test" time="0.005">
    <system-out>
      <![CDATA[keeertttttttttthiiiiiiiiiiiiiikkkkkkkkkk]]>
    </system-out>
  </testcase> <!-- test -->
  <testcase classname="TestNg.invocationcount" name="test" time="0.007">
    <system-out>
      <![CDATA[keeertttttttttthiiiiiiiiiiiiiikkkkkkkkkk]]>
    </system-out>
  </testcase> <!-- test -->
  <testcase classname="TestNg.invocationcount" name="test" time="0.003">
    <system-out>
      <![CDATA[keeertttttttttthiiiiiiiiiiiiiikkkkkkkkkk]]>
    </system-out>
  </testcase> <!-- test -->
  <testcase classname="TestNg.invocationcount" name="test" time="0.013">
    <system-out>
      <![CDATA[keeertttttttttthiiiiiiiiiiiiiikkkkkkkkkk]]>
    </system-out>
  </testcase> <!-- test -->
  <testcase classname="TestNg.invocationcount" name="test1" time="0.006">
    <system-out>
      <![CDATA[hiiiii]]>
    </system-out>
  </testcase> <!-- test1 -->
  <testcase classname="TestNg.invocationcount" name="cat" time="0.004">
    <system-out>
      <![CDATA[bvcccccc]]>
    </system-out>
  </testcase> <!-- cat -->
  <testcase classname="TestNg.invocationcount" name="dog" time="0.003">
    <system-out>
      <![CDATA[nayiiiiiiiii]]>
    </system-out>
  </testcase> <!-- dog -->
  <system-out>
    <![CDATA[keeertttttttttthiiiiiiiiiiiiiikkkkkkkkkk
keeertttttttttthiiiiiiiiiiiiiikkkkkkkkkk
keeertttttttttthiiiiiiiiiiiiiikkkkkkkkkk
keeertttttttttthiiiiiiiiiiiiiikkkkkkkkkk
keeertttttttttthiiiiiiiiiiiiiikkkkkkkkkk
hiiiii
bvcccccc
nayiiiiiiiii]]>
  </system-out>
</testsuite> <!-- TestNg.invocationcount -->
