<?xml version="1.0" encoding="UTF-8"?>
<!-- Generated by org.testng.reporters.JUnitReportReporter -->
<testsuite hostname="KEERTHIK" failures="0" tests="1" name="framework.base_classfb" time="9.509" errors="0" timestamp="2023-10-27T20:59:57 IST" skipped="0">
  <testcase classname="framework.base_classfb" name="run" time="9.509"/>
</testsuite> <!-- framework.base_classfb -->
