<?xml version="1.0" encoding="UTF-8"?>
<!-- Generated by org.testng.reporters.JUnitReportReporter -->
<testsuite hostname="KEERTHIK" failures="0" tests="4" name="TestNg.dependson" time="0.029" errors="0" timestamp="2023-10-18T20:36:12 IST" skipped="0">
  <testcase classname="TestNg.dependson" name="test" time="0.014"/>
  <testcase classname="TestNg.dependson" name="test1" time="0.007"/>
  <testcase classname="TestNg.dependson" name="cat" time="0.004"/>
  <testcase classname="TestNg.dependson" name="dog" time="0.004"/>
</testsuite> <!-- TestNg.dependson -->
