<?xml version="1.0" encoding="UTF-8"?>
<!-- Generated by org.testng.reporters.JUnitReportReporter -->
<testsuite hostname="KEERTHIK" failures="0" tests="4" name="TestNg.preority" time="0.031" errors="0" timestamp="2023-10-18T20:28:07 IST" skipped="0">
  <testcase classname="TestNg.preority" name="test" time="0.017">
    <system-out>
      <![CDATA[keeertttttttttthiiiiiiiiiiiiiikkkkkkkkkk]]>
    </system-out>
  </testcase> <!-- test -->
  <testcase classname="TestNg.preority" name="test1" time="0.006">
    <system-out>
      <![CDATA[hiiiii]]>
    </system-out>
  </testcase> <!-- test1 -->
  <testcase classname="TestNg.preority" name="cat" time="0.004">
    <system-out>
      <![CDATA[bvcccccc]]>
    </system-out>
  </testcase> <!-- cat -->
  <testcase classname="TestNg.preority" name="dog" time="0.004">
    <system-out>
      <![CDATA[nayiiiiiiiii]]>
    </system-out>
  </testcase> <!-- dog -->
  <system-out>
    <![CDATA[keeertttttttttthiiiiiiiiiiiiiikkkkkkkkkk
hiiiii
bvcccccc
nayiiiiiiiii]]>
  </system-out>
</testsuite> <!-- TestNg.preority -->
