<?xml version="1.0" encoding="UTF-8"?>
<!-- Generated by org.testng.reporters.JUnitReportReporter -->
<testsuite hostname="KEERTHIK" failures="0" tests="4" name="TestNg.testng1" time="0.044" errors="0" timestamp="2023-10-18T19:38:15 IST" skipped="0">
  <testcase classname="TestNg.testng1" name="cat" time="0.025">
    <system-out>
      <![CDATA[bvcccccc]]>
    </system-out>
  </testcase> <!-- cat -->
  <testcase classname="TestNg.testng1" name="dog" time="0.006">
    <system-out>
      <![CDATA[nayiiiiiiiii]]>
    </system-out>
  </testcase> <!-- dog -->
  <testcase classname="TestNg.testng1" name="test1" time="0.005">
    <system-out>
      <![CDATA[hiiiii]]>
    </system-out>
  </testcase> <!-- test1 -->
  <testcase classname="TestNg.testng1" name="test" time="0.008">
    <system-out>
      <![CDATA[keeertttttttttthiiiiiiiiiiiiiikkkkkkkkkk]]>
    </system-out>
  </testcase> <!-- test -->
  <system-out>
    <![CDATA[bvcccccc
nayiiiiiiiii
keeertttttttttthiiiiiiiiiiiiiikkkkkkkkkk
hiiiii]]>
  </system-out>
</testsuite> <!-- TestNg.testng1 -->
